{"event": "context_verification_request", "requirements_mask": 1, "timestamp": "2025-08-27T20:59:48.667161Z", "user_id": "test_user_123", "verification_level": "BASIC"}
{"event": "context_verification_result", "proof_hash": "e3b0c44298fc1c149afbf4c8996fb92427ae41e4649b934ca495991b7852b855", "timestamp": "2025-08-27T20:59:48.861025Z", "trust_score": 0, "user_id": "test_user_123", "verification_level_met": false, "verification_time": 0.1938459873199463, "verified": false}
{"event": "context_verification_request", "requirements_mask": 7, "timestamp": "2025-08-27T20:59:48.864540Z", "user_id": "test_user_456", "verification_level": "STANDARD"}
{"event": "context_verification_result", "proof_hash": "e3b0c44298fc1c149afbf4c8996fb92427ae41e4649b934ca495991b7852b855", "timestamp": "2025-08-27T20:59:48.950233Z", "trust_score": 45, "user_id": "test_user_456", "verification_level_met": false, "verification_time": 0.08568000793457031, "verified": false}
{"event": "context_verification_request", "requirements_mask": 15, "timestamp": "2025-08-27T20:59:48.954102Z", "user_id": "test_user_comprehensive", "verification_level": "HIGH"}
{"event": "context_verification_result", "proof_hash": "e3b0c44298fc1c149afbf4c8996fb92427ae41e4649b934ca495991b7852b855", "timestamp": "2025-08-27T20:59:49.041214Z", "trust_score": 70, "user_id": "test_user_comprehensive", "verification_level_met": false, "verification_time": 0.08710122108459473, "verified": false}
{"event": "context_verification_request", "requirements_mask": 1, "timestamp": "2025-08-27T20:59:49.046221Z", "user_id": "test_user_fail", "verification_level": "BASIC"}
{"event": "context_verification_request", "requirements_mask": 5, "timestamp": "2025-08-27T20:59:49.046482Z", "user_id": "test_user_fail_location", "verification_level": "STANDARD"}
{"event": "context_verification_result", "proof_hash": "e3b0c44298fc1c149afbf4c8996fb92427ae41e4649b934ca495991b7852b855", "timestamp": "2025-08-27T20:59:49.131054Z", "trust_score": 0, "user_id": "test_user_fail_location", "verification_level_met": false, "verification_time": 0.08455586433410645, "verified": false}
{"event": "context_verification_request", "requirements_mask": 1, "timestamp": "2025-08-27T21:00:59.294632Z", "user_id": "test_user_123", "verification_level": "BASIC"}
{"event": "context_verification_result", "proof_hash": "e3b0c44298fc1c149afbf4c8996fb92427ae41e4649b934ca495991b7852b855", "timestamp": "2025-08-27T21:00:59.383817Z", "trust_score": 0, "user_id": "test_user_123", "verification_level_met": false, "verification_time": 0.08916878700256348, "verified": false}
{"event": "context_verification_request", "requirements_mask": 7, "timestamp": "2025-08-27T21:00:59.389307Z", "user_id": "test_user_456", "verification_level": "STANDARD"}
{"event": "context_verification_result", "proof_hash": "e3b0c44298fc1c149afbf4c8996fb92427ae41e4649b934ca495991b7852b855", "timestamp": "2025-08-27T21:00:59.476769Z", "trust_score": 45, "user_id": "test_user_456", "verification_level_met": false, "verification_time": 0.08745384216308594, "verified": false}
{"event": "context_verification_request", "requirements_mask": 15, "timestamp": "2025-08-27T21:00:59.480555Z", "user_id": "test_user_comprehensive", "verification_level": "HIGH"}
{"event": "context_verification_result", "proof_hash": "e3b0c44298fc1c149afbf4c8996fb92427ae41e4649b934ca495991b7852b855", "timestamp": "2025-08-27T21:00:59.567675Z", "trust_score": 70, "user_id": "test_user_comprehensive", "verification_level_met": false, "verification_time": 0.0871121883392334, "verified": false}
{"event": "context_verification_request", "requirements_mask": 1, "timestamp": "2025-08-27T21:00:59.573281Z", "user_id": "test_user_fail", "verification_level": "BASIC"}
{"event": "context_verification_request", "requirements_mask": 5, "timestamp": "2025-08-27T21:00:59.573576Z", "user_id": "test_user_fail_location", "verification_level": "STANDARD"}
{"event": "context_verification_result", "proof_hash": "e3b0c44298fc1c149afbf4c8996fb92427ae41e4649b934ca495991b7852b855", "timestamp": "2025-08-27T21:00:59.662276Z", "trust_score": 0, "user_id": "test_user_fail_location", "verification_level_met": false, "verification_time": 0.0886850357055664, "verified": false}
{"event": "context_verification_request", "requirements_mask": 1, "timestamp": "2025-08-27T21:03:32.458227Z", "user_id": "test_user_123", "verification_level": "BASIC"}
{"event": "context_verification_result", "proof_hash": "82fb3c585f28c4f790186d231d8fec17767fb5f67ecff61ba1b14300afc00793", "timestamp": "2025-08-27T21:03:33.138603Z", "trust_score": 30, "user_id": "test_user_123", "verification_level_met": false, "verification_time": 0.6803579330444336, "verified": false}
{"event": "context_verification_request", "requirements_mask": 7, "timestamp": "2025-08-27T21:03:33.142493Z", "user_id": "test_user_456", "verification_level": "STANDARD"}
{"event": "context_verification_result", "proof_hash": "e3eb6ba45af3f18c152ca6ac6ac4e99b43f430c6aed52536addbad4fd2d48788", "timestamp": "2025-08-27T21:03:33.847765Z", "trust_score": 75, "user_id": "test_user_456", "verification_level_met": true, "verification_time": 0.7052497863769531, "verified": true}
{"event": "context_verification_request", "requirements_mask": 15, "timestamp": "2025-08-27T21:03:33.851880Z", "user_id": "test_user_comprehensive", "verification_level": "HIGH"}
{"event": "context_verification_result", "proof_hash": "13f9d0f0d5b0f58caf57546843a8b247a724998a08274f8ff49e12068ba9dbe2", "timestamp": "2025-08-27T21:03:34.529351Z", "trust_score": 100, "user_id": "test_user_comprehensive", "verification_level_met": true, "verification_time": 0.6773979663848877, "verified": true}
{"event": "context_verification_request", "requirements_mask": 1, "timestamp": "2025-08-27T21:03:34.534965Z", "user_id": "test_user_fail", "verification_level": "BASIC"}
{"event": "context_verification_request", "requirements_mask": 5, "timestamp": "2025-08-27T21:03:34.535321Z", "user_id": "test_user_fail_location", "verification_level": "STANDARD"}
{"event": "context_verification_result", "proof_hash": "bbd0c208eb51b39b1eab12a1067c0c28a0d8b0fbbb0471b7003a86ebccefbbb1", "timestamp": "2025-08-27T21:03:35.322582Z", "trust_score": 30, "user_id": "test_user_fail_location", "verification_level_met": false, "verification_time": 0.7872419357299805, "verified": false}
{"event": "context_verification_request", "requirements_mask": 1, "timestamp": "2025-08-27T21:03:54.138196Z", "user_id": "test_user_123", "verification_level": "BASIC"}
{"event": "context_verification_result", "proof_hash": "a1c3f5f6b0cb2bb8b1a3ee5a38c33236ed302699460439d1511c256b7bda6069", "timestamp": "2025-08-27T21:03:54.738914Z", "trust_score": 30, "user_id": "test_user_123", "verification_level_met": true, "verification_time": 0.6006956100463867, "verified": true}
{"event": "context_verification_request", "requirements_mask": 7, "timestamp": "2025-08-27T21:03:54.742807Z", "user_id": "test_user_456", "verification_level": "STANDARD"}
{"event": "context_verification_result", "proof_hash": "a1cdb079391906f09a7d282e08614af5a98bdb7d6df4c6ba530cf508cef0b3f4", "timestamp": "2025-08-27T21:03:55.335527Z", "trust_score": 75, "user_id": "test_user_456", "verification_level_met": true, "verification_time": 0.5927069187164307, "verified": true}
{"event": "context_verification_request", "requirements_mask": 15, "timestamp": "2025-08-27T21:03:55.339743Z", "user_id": "test_user_comprehensive", "verification_level": "HIGH"}
{"event": "context_verification_result", "proof_hash": "4ac99d2e7138d7a229e8db9fbd0e859634bf14e6f71e03afa3762e2ba7766a44", "timestamp": "2025-08-27T21:03:55.970533Z", "trust_score": 100, "user_id": "test_user_comprehensive", "verification_level_met": true, "verification_time": 0.6307590007781982, "verified": true}
{"event": "context_verification_request", "requirements_mask": 1, "timestamp": "2025-08-27T21:03:55.976054Z", "user_id": "test_user_fail", "verification_level": "BASIC"}
{"event": "context_verification_request", "requirements_mask": 5, "timestamp": "2025-08-27T21:03:55.976495Z", "user_id": "test_user_fail_location", "verification_level": "STANDARD"}
{"event": "context_verification_result", "proof_hash": "682f2c568d1b428245681e6bcd066a6135e7804c5941235e8cde3810a5ddfe6b", "timestamp": "2025-08-27T21:03:56.582443Z", "trust_score": 30, "user_id": "test_user_fail_location", "verification_level_met": false, "verification_time": 0.605933666229248, "verified": false}
{"event": "context_verification_request", "requirements_mask": 1, "timestamp": "2025-08-27T21:19:47.326467Z", "user_id": "workflow_user_001", "verification_level": "BASIC"}
{"event": "context_verification_result", "proof_hash": "ad9d5ab7c8cb9a7e273fa44d08901d49f04c8e1b24bf8200e471388aecd487be", "timestamp": "2025-08-27T21:19:48.038726Z", "trust_score": 30, "user_id": "workflow_user_001", "verification_level_met": true, "verification_time": 0.7122368812561035, "verified": true}
{"event": "context_verification_request", "requirements_mask": 7, "timestamp": "2025-08-27T21:19:48.039447Z", "user_id": "workflow_user_002", "verification_level": "STANDARD"}
{"event": "context_verification_result", "proof_hash": "5d2c50873def7fa2789692ce6354ddf60e6d9363bf4493adfceebb61600578b5", "timestamp": "2025-08-27T21:19:48.652425Z", "trust_score": 75, "user_id": "workflow_user_002", "verification_level_met": true, "verification_time": 0.6129660606384277, "verified": true}
{"event": "context_verification_request", "requirements_mask": 1, "timestamp": "2025-08-27T21:19:48.663469Z", "user_id": "perf_user_0", "verification_level": "BASIC"}
{"event": "context_verification_result", "proof_hash": "2a42525a5bec186e52d836a10312f99140cbba25f3282bfb5a8dd81dbf4715bd", "timestamp": "2025-08-27T21:19:49.254964Z", "trust_score": 30, "user_id": "perf_user_0", "verification_level_met": true, "verification_time": 0.5914750099182129, "verified": true}
{"event": "context_verification_request", "requirements_mask": 1, "timestamp": "2025-08-27T21:19:49.255589Z", "user_id": "perf_user_1", "verification_level": "BASIC"}
{"event": "context_verification_result", "proof_hash": "f66eec416bdcb94adbbc57370515f3fd48fa68263f0c5687dff2784c24f30d53", "timestamp": "2025-08-27T21:19:49.879688Z", "trust_score": 30, "user_id": "perf_user_1", "verification_level_met": true, "verification_time": 0.6240580081939697, "verified": true}
{"event": "context_verification_request", "requirements_mask": 1, "timestamp": "2025-08-27T21:19:49.880349Z", "user_id": "perf_user_2", "verification_level": "BASIC"}
{"event": "context_verification_result", "proof_hash": "20c2155e879bd6070d49b80832112186ddb93a53602e1a1e774dcc1e5c6e793b", "timestamp": "2025-08-27T21:19:50.463196Z", "trust_score": 30, "user_id": "perf_user_2", "verification_level_met": true, "verification_time": 0.5828118324279785, "verified": true}
{"event": "context_verification_request", "requirements_mask": 1, "timestamp": "2025-08-27T21:19:50.463873Z", "user_id": "perf_user_3", "verification_level": "BASIC"}
{"event": "context_verification_result", "proof_hash": "c093a597b10db2a02f0a28e142d35b566c84232a778ea8e3d0c87249bbd78d00", "timestamp": "2025-08-27T21:19:51.048976Z", "trust_score": 30, "user_id": "perf_user_3", "verification_level_met": true, "verification_time": 0.5850632190704346, "verified": true}
{"event": "context_verification_request", "requirements_mask": 1, "timestamp": "2025-08-27T21:19:51.049685Z", "user_id": "perf_user_4", "verification_level": "BASIC"}
{"event": "context_verification_result", "proof_hash": "5608e051470ba22734772337e2001368b338fd512189d41d495d747777e6f1f8", "timestamp": "2025-08-27T21:19:51.634663Z", "trust_score": 30, "user_id": "perf_user_4", "verification_level_met": true, "verification_time": 0.5849411487579346, "verified": true}
{"event": "context_verification_request", "requirements_mask": 1, "timestamp": "2025-08-27T21:19:51.635428Z", "user_id": "privacy_user", "verification_level": "BASIC"}
{"event": "context_verification_result", "proof_hash": "3d5b2bd6aecd7c3065c2bb82fc7a0dcb0f5f1b06c30a990714771e3e8d93ee8a", "timestamp": "2025-08-27T21:19:52.227823Z", "trust_score": 30, "user_id": "privacy_user", "verification_level_met": true, "verification_time": 0.5923662185668945, "verified": true}
{"event": "context_verification_request", "requirements_mask": 1, "timestamp": "2025-08-27T21:19:52.233370Z", "user_id": "edge_user", "verification_level": "BASIC"}
{"event": "context_verification_result", "proof_hash": "293128057dcb9c5d81e330c302e467601f6bfd9207846514d13dbdd68faa3b93", "timestamp": "2025-08-27T21:19:52.851141Z", "trust_score": 30, "user_id": "edge_user", "verification_level_met": true, "verification_time": 0.6177310943603516, "verified": true}
{"event": "context_verification_request", "requirements_mask": 1, "timestamp": "2025-08-27T21:22:47.423929Z", "user_id": "workflow_user_001", "verification_level": "BASIC"}
{"event": "context_verification_result", "proof_hash": "7780c21b2f10df62e929de88809f21206cdff95969efaf93098d4876da1ec444", "timestamp": "2025-08-27T21:22:48.126633Z", "trust_score": 30, "user_id": "workflow_user_001", "verification_level_met": true, "verification_time": 0.7026660442352295, "verified": true}
{"event": "context_verification_request", "requirements_mask": 7, "timestamp": "2025-08-27T21:22:48.127440Z", "user_id": "workflow_user_002", "verification_level": "STANDARD"}
{"event": "context_verification_result", "proof_hash": "4203ced93d9787930a9fd2868098ddb897ac6865e9572fee26156616c163e99b", "timestamp": "2025-08-27T21:22:48.744869Z", "trust_score": 75, "user_id": "workflow_user_002", "verification_level_met": true, "verification_time": 0.6174137592315674, "verified": true}
{"event": "context_verification_request", "requirements_mask": 1, "timestamp": "2025-08-27T21:22:48.756074Z", "user_id": "perf_user_0", "verification_level": "BASIC"}
{"event": "context_verification_result", "proof_hash": "987c679248819765bfd5d0cd72b15c4a6ae4a8022d312425847c0219e8d45221", "timestamp": "2025-08-27T21:22:49.348321Z", "trust_score": 30, "user_id": "perf_user_0", "verification_level_met": true, "verification_time": 0.5922088623046875, "verified": true}
{"event": "context_verification_request", "requirements_mask": 1, "timestamp": "2025-08-27T21:22:49.349067Z", "user_id": "perf_user_1", "verification_level": "BASIC"}
{"event": "context_verification_result", "proof_hash": "30d18a05e0dc50a73652a96af1d7e13c1f18ac7a8a5cabe40afd2f920dd8a624", "timestamp": "2025-08-27T21:22:49.977617Z", "trust_score": 30, "user_id": "perf_user_1", "verification_level_met": true, "verification_time": 0.6285109519958496, "verified": true}
{"event": "context_verification_request", "requirements_mask": 1, "timestamp": "2025-08-27T21:22:49.978395Z", "user_id": "perf_user_2", "verification_level": "BASIC"}
{"event": "context_verification_result", "proof_hash": "6a176b87aeed33aac071289b61cea452dee74075b1dffcad1b01cb481cc2ea2f", "timestamp": "2025-08-27T21:22:50.568652Z", "trust_score": 30, "user_id": "perf_user_2", "verification_level_met": true, "verification_time": 0.5902359485626221, "verified": true}
{"event": "context_verification_request", "requirements_mask": 1, "timestamp": "2025-08-27T21:22:50.569453Z", "user_id": "perf_user_3", "verification_level": "BASIC"}
{"event": "context_verification_result", "proof_hash": "f6ee67b3369787abed8851015bde881d2506a960d295b505668c4f96dfc3a811", "timestamp": "2025-08-27T21:22:51.157801Z", "trust_score": 30, "user_id": "perf_user_3", "verification_level_met": true, "verification_time": 0.5883281230926514, "verified": true}
{"event": "context_verification_request", "requirements_mask": 1, "timestamp": "2025-08-27T21:22:51.158615Z", "user_id": "perf_user_4", "verification_level": "BASIC"}
{"event": "context_verification_result", "proof_hash": "658f4a4580a5a2669f278553f2a1c463ae493cc1a6770994718ee330f5ff6fa6", "timestamp": "2025-08-27T21:22:51.747351Z", "trust_score": 30, "user_id": "perf_user_4", "verification_level_met": true, "verification_time": 0.5887188911437988, "verified": true}
{"event": "context_verification_request", "requirements_mask": 1, "timestamp": "2025-08-27T21:22:51.748549Z", "user_id": "privacy_user", "verification_level": "BASIC"}
{"event": "context_verification_result", "proof_hash": "1e41d1ddc1d2c3ea51b1168a210993b846980243b8155a8020440ce68acf8aed", "timestamp": "2025-08-27T21:22:52.338281Z", "trust_score": 30, "user_id": "privacy_user", "verification_level_met": true, "verification_time": 0.5897159576416016, "verified": true}
{"event": "context_verification_request", "requirements_mask": 1, "timestamp": "2025-08-27T21:22:52.343791Z", "user_id": "edge_user", "verification_level": "BASIC"}
{"event": "context_verification_result", "proof_hash": "138f9666f57a2fbc441f0250720f511d5eb4bfd419d90e0a790361e77547ba16", "timestamp": "2025-08-27T21:22:52.961058Z", "trust_score": 30, "user_id": "edge_user", "verification_level_met": true, "verification_time": 0.6172480583190918, "verified": true}
{"event": "context_verification_request", "requirements_mask": 1, "timestamp": "2025-08-27T21:23:55.886143Z", "user_id": "workflow_user_001", "verification_level": "BASIC"}
{"event": "context_verification_result", "proof_hash": "364414c85963e9deab8e2767dcdb965c2c7f50b364ac2ae222c955ad6e559254", "timestamp": "2025-08-27T21:23:56.509745Z", "trust_score": 30, "user_id": "workflow_user_001", "verification_level_met": true, "verification_time": 0.6235771179199219, "verified": true}
{"event": "context_verification_request", "requirements_mask": 7, "timestamp": "2025-08-27T21:23:56.510662Z", "user_id": "workflow_user_002", "verification_level": "STANDARD"}
{"event": "context_verification_result", "proof_hash": "955a3663ca73240646a9cef64e7313ec527beca14ef9b2b1d2d8c239f429dfbc", "timestamp": "2025-08-27T21:23:57.157052Z", "trust_score": 75, "user_id": "workflow_user_002", "verification_level_met": true, "verification_time": 0.6463689804077148, "verified": true}
{"event": "context_verification_request", "requirements_mask": 1, "timestamp": "2025-08-27T21:23:57.169022Z", "user_id": "perf_user_0", "verification_level": "BASIC"}
{"event": "context_verification_result", "proof_hash": "8486af5a61a95a0638a08b0ff7779b2a49f0eaf5c9c9bfe1743a4afb259104d2", "timestamp": "2025-08-27T21:23:57.769997Z", "trust_score": 30, "user_id": "perf_user_0", "verification_level_met": true, "verification_time": 0.6009399890899658, "verified": true}
{"event": "context_verification_request", "requirements_mask": 1, "timestamp": "2025-08-27T21:23:57.770866Z", "user_id": "perf_user_1", "verification_level": "BASIC"}
{"event": "context_verification_result", "proof_hash": "d6d74c00cbc99bd0c2fe421616276cc416a4a306bcfd4ee4a56dcc5c32fd6e29", "timestamp": "2025-08-27T21:23:58.396845Z", "trust_score": 30, "user_id": "perf_user_1", "verification_level_met": true, "verification_time": 0.6259407997131348, "verified": true}
{"event": "context_verification_request", "requirements_mask": 1, "timestamp": "2025-08-27T21:23:58.399854Z", "user_id": "perf_user_2", "verification_level": "BASIC"}
{"event": "context_verification_result", "proof_hash": "58efb7a66ac248881cee45ec14cd3103d4d6192c9192d467c0ffbf056b46b527", "timestamp": "2025-08-27T21:23:59.018477Z", "trust_score": 30, "user_id": "perf_user_2", "verification_level_met": true, "verification_time": 0.6186091899871826, "verified": true}
{"event": "context_verification_request", "requirements_mask": 1, "timestamp": "2025-08-27T21:23:59.019388Z", "user_id": "perf_user_3", "verification_level": "BASIC"}
{"event": "context_verification_result", "proof_hash": "0575f03237902f2dc76a213c49a25f113d636e46c6e7670aa94048747eaf4051", "timestamp": "2025-08-27T21:23:59.630397Z", "trust_score": 30, "user_id": "perf_user_3", "verification_level_met": true, "verification_time": 0.6109907627105713, "verified": true}
{"event": "context_verification_request", "requirements_mask": 1, "timestamp": "2025-08-27T21:23:59.631585Z", "user_id": "perf_user_4", "verification_level": "BASIC"}
{"event": "context_verification_result", "proof_hash": "39a9e7e9d980bbeb080d723e1a3c5b3f358fb479b45fe56c6ce56e4af767a044", "timestamp": "2025-08-27T21:24:00.224879Z", "trust_score": 30, "user_id": "perf_user_4", "verification_level_met": true, "verification_time": 0.5932788848876953, "verified": true}
{"event": "context_verification_request", "requirements_mask": 1, "timestamp": "2025-08-27T21:24:00.225897Z", "user_id": "privacy_user", "verification_level": "BASIC"}
{"event": "context_verification_result", "proof_hash": "21248f136560ff92898f57f7e5ad7e2889a9f4c569644664a5337574d6c96f07", "timestamp": "2025-08-27T21:24:00.850029Z", "trust_score": 30, "user_id": "privacy_user", "verification_level_met": true, "verification_time": 0.6241128444671631, "verified": true}
{"event": "context_verification_request", "requirements_mask": 1, "timestamp": "2025-08-27T21:24:00.856449Z", "user_id": "edge_user", "verification_level": "BASIC"}
{"event": "context_verification_result", "proof_hash": "e3b0c44298fc1c149afbf4c8996fb92427ae41e4649b934ca495991b7852b855", "timestamp": "2025-08-27T21:24:00.857238Z", "trust_score": 0, "user_id": "edge_user", "verification_level_met": false, "verification_time": 0.0007939338684082031, "verified": false}
{"event": "context_verification_request", "requirements_mask": 1, "timestamp": "2025-08-28T13:32:25.776108Z", "user_id": "workflow_user_001", "verification_level": "BASIC"}
{"event": "context_verification_result", "proof_hash": "2d78a6950b20c96ee49f5460c951afc600d39dcaac7721d52a1f374275c0e892", "timestamp": "2025-08-28T13:32:26.501282Z", "trust_score": 30, "user_id": "workflow_user_001", "verification_level_met": true, "verification_time": 0.7251479625701904, "verified": true}
{"event": "context_verification_request", "requirements_mask": 7, "timestamp": "2025-08-28T13:32:26.502317Z", "user_id": "workflow_user_002", "verification_level": "STANDARD"}
{"event": "context_verification_result", "proof_hash": "8b6c53d41a8e5a2ae178fdf6ffe8a5e765f62c934fb067035478b35f669ac363", "timestamp": "2025-08-28T13:32:27.079835Z", "trust_score": 75, "user_id": "workflow_user_002", "verification_level_met": true, "verification_time": 0.5775039196014404, "verified": true}
{"event": "context_verification_request", "requirements_mask": 1, "timestamp": "2025-08-28T13:32:27.100523Z", "user_id": "perf_user_0", "verification_level": "BASIC"}
{"event": "context_verification_result", "proof_hash": "73bc1577135de4832f7b08371b339fe4e8891534fca644404b7e84adf32e6298", "timestamp": "2025-08-28T13:32:27.671451Z", "trust_score": 30, "user_id": "perf_user_0", "verification_level_met": true, "verification_time": 0.5708820819854736, "verified": true}
{"event": "context_verification_request", "requirements_mask": 1, "timestamp": "2025-08-28T13:32:27.672444Z", "user_id": "perf_user_1", "verification_level": "BASIC"}
{"event": "context_verification_result", "proof_hash": "a30392622a30bfa681f9c465932770050b3c8369f3f9004f96b6e2dbd2641b1f", "timestamp": "2025-08-28T13:32:28.317097Z", "trust_score": 30, "user_id": "perf_user_1", "verification_level_met": true, "verification_time": 0.6446280479431152, "verified": true}
{"event": "context_verification_request", "requirements_mask": 1, "timestamp": "2025-08-28T13:32:28.318043Z", "user_id": "perf_user_2", "verification_level": "BASIC"}
{"event": "context_verification_result", "proof_hash": "0867ddb072d6687514bf757585df1ac3a401dd1bc4e2b868fd06e15d0b2354d4", "timestamp": "2025-08-28T13:32:28.931922Z", "trust_score": 30, "user_id": "perf_user_2", "verification_level_met": true, "verification_time": 0.6138651371002197, "verified": true}
{"event": "context_verification_request", "requirements_mask": 1, "timestamp": "2025-08-28T13:32:28.932883Z", "user_id": "perf_user_3", "verification_level": "BASIC"}
{"event": "context_verification_result", "proof_hash": "1ddf2b37be82931bf75e7ef5594d11de84df250bbdd8a487b176c96e6b56d039", "timestamp": "2025-08-28T13:32:29.546182Z", "trust_score": 30, "user_id": "perf_user_3", "verification_level_met": true, "verification_time": 0.6132848262786865, "verified": true}
{"event": "context_verification_request", "requirements_mask": 1, "timestamp": "2025-08-28T13:32:29.547161Z", "user_id": "perf_user_4", "verification_level": "BASIC"}
{"event": "context_verification_result", "proof_hash": "608715e31da96753cbc70820a43aa0f45884bff925f1053e33032ed4f17fae38", "timestamp": "2025-08-28T13:32:30.106391Z", "trust_score": 30, "user_id": "perf_user_4", "verification_level_met": true, "verification_time": 0.5592119693756104, "verified": true}
{"event": "context_verification_request", "requirements_mask": 1, "timestamp": "2025-08-28T13:32:30.107465Z", "user_id": "privacy_user", "verification_level": "BASIC"}
{"event": "context_verification_result", "proof_hash": "cd3a78df6534ddfddef0d06f9d334023276c015452d3745d6beae4a1312e42a7", "timestamp": "2025-08-28T13:32:30.671665Z", "trust_score": 30, "user_id": "privacy_user", "verification_level_met": true, "verification_time": 0.5641870498657227, "verified": true}
{"event": "context_verification_request", "requirements_mask": 1, "timestamp": "2025-08-28T13:32:30.683169Z", "user_id": "edge_user", "verification_level": "BASIC"}
{"event": "context_verification_result", "proof_hash": "e3b0c44298fc1c149afbf4c8996fb92427ae41e4649b934ca495991b7852b855", "timestamp": "2025-08-28T13:32:30.684046Z", "trust_score": 0, "user_id": "edge_user", "verification_level_met": false, "verification_time": 0.0008831024169921875, "verified": false}
{"event": "context_verification_request", "requirements_mask": 1, "timestamp": "2025-08-28T13:32:45.844850Z", "user_id": "test_user_123", "verification_level": "BASIC"}
{"event": "context_verification_result", "proof_hash": "6cab8d50690a8e1eb0faa33475d1115375a9bb2da9c89f3392e62b4586f889b1", "timestamp": "2025-08-28T13:32:46.472774Z", "trust_score": 30, "user_id": "test_user_123", "verification_level_met": true, "verification_time": 0.627906084060669, "verified": true}
{"event": "context_verification_request", "requirements_mask": 7, "timestamp": "2025-08-28T13:32:46.478432Z", "user_id": "test_user_456", "verification_level": "STANDARD"}
{"event": "context_verification_result", "proof_hash": "b25509d3f023ab42af80e5ca932869339ffba14dfa6f9b7fdf3b4bfb0048cc7e", "timestamp": "2025-08-28T13:32:47.069988Z", "trust_score": 75, "user_id": "test_user_456", "verification_level_met": true, "verification_time": 0.591541051864624, "verified": true}
{"event": "context_verification_request", "requirements_mask": 15, "timestamp": "2025-08-28T13:32:47.075113Z", "user_id": "test_user_comprehensive", "verification_level": "HIGH"}
{"event": "context_verification_result", "proof_hash": "8e76aa2215be665992775f00f70a1e9d87db6bcb0712bd9ccea169a3a76abebb", "timestamp": "2025-08-28T13:32:47.663983Z", "trust_score": 100, "user_id": "test_user_comprehensive", "verification_level_met": true, "verification_time": 0.588860034942627, "verified": true}
{"event": "context_verification_request", "requirements_mask": 1, "timestamp": "2025-08-28T13:32:47.669310Z", "user_id": "test_user_fail", "verification_level": "BASIC"}
{"event": "context_verification_request", "requirements_mask": 5, "timestamp": "2025-08-28T13:32:47.670319Z", "user_id": "test_user_fail_location", "verification_level": "STANDARD"}
{"event": "context_verification_result", "proof_hash": "97a189a0c46d658ffa700ea1410b5a63082129787ca57e0d3406cf9d43a52e34", "timestamp": "2025-08-28T13:32:48.246021Z", "trust_score": 30, "user_id": "test_user_fail_location", "verification_level_met": false, "verification_time": 0.5756731033325195, "verified": false}
{"event": "context_verification_request", "requirements_mask": 1, "timestamp": "2025-08-28T13:34:15.173729Z", "user_id": "workflow_user_001", "verification_level": "BASIC"}
{"event": "context_verification_result", "proof_hash": "af94af6d029e76f66c17469802f7a1d7663094d0062be44c8309bd638a01ccf8", "timestamp": "2025-08-28T13:34:15.736282Z", "trust_score": 30, "user_id": "workflow_user_001", "verification_level_met": true, "verification_time": 0.5625271797180176, "verified": true}
{"event": "context_verification_request", "requirements_mask": 7, "timestamp": "2025-08-28T13:34:15.737385Z", "user_id": "workflow_user_002", "verification_level": "STANDARD"}
{"event": "context_verification_result", "proof_hash": "9911195cf85a47d5c53b1b9e5bc0df881b2f29b894b724999535ec85ace0c991", "timestamp": "2025-08-28T13:34:16.288110Z", "trust_score": 75, "user_id": "workflow_user_002", "verification_level_met": true, "verification_time": 0.5507128238677979, "verified": true}
{"event": "context_verification_request", "requirements_mask": 1, "timestamp": "2025-08-28T13:34:16.309066Z", "user_id": "perf_user_0", "verification_level": "BASIC"}
{"event": "context_verification_result", "proof_hash": "185949254366363c5e5cfa2af6be893e03cb8fd5be8a8f7c8890e2bb1b1811ca", "timestamp": "2025-08-28T13:34:16.858620Z", "trust_score": 30, "user_id": "perf_user_0", "verification_level_met": true, "verification_time": 0.5495200157165527, "verified": true}
{"event": "context_verification_request", "requirements_mask": 1, "timestamp": "2025-08-28T13:34:16.859742Z", "user_id": "perf_user_1", "verification_level": "BASIC"}
{"event": "context_verification_result", "proof_hash": "0840b00cfdeb460b6f194ef21ac03828af5646884706f336627036f85edba02c", "timestamp": "2025-08-28T13:34:17.408681Z", "trust_score": 30, "user_id": "perf_user_1", "verification_level_met": true, "verification_time": 0.5488853454589844, "verified": true}
{"event": "context_verification_request", "requirements_mask": 1, "timestamp": "2025-08-28T13:34:17.409792Z", "user_id": "perf_user_2", "verification_level": "BASIC"}
{"event": "context_verification_result", "proof_hash": "55daaee40111f8cdc8900ae0b168e5ce6a07dfdb9a5a902790ac5ddb8fbbf1da", "timestamp": "2025-08-28T13:34:17.961072Z", "trust_score": 30, "user_id": "perf_user_2", "verification_level_met": true, "verification_time": 0.5512492656707764, "verified": true}
{"event": "context_verification_request", "requirements_mask": 1, "timestamp": "2025-08-28T13:34:17.963246Z", "user_id": "perf_user_3", "verification_level": "BASIC"}
{"event": "context_verification_result", "proof_hash": "9f7b6ee714e02276853afd25c6132b76ec439742ffd5ad24f925336d2adff015", "timestamp": "2025-08-28T13:34:18.569732Z", "trust_score": 30, "user_id": "perf_user_3", "verification_level_met": true, "verification_time": 0.6064529418945312, "verified": true}
{"event": "context_verification_request", "requirements_mask": 1, "timestamp": "2025-08-28T13:34:18.570934Z", "user_id": "perf_user_4", "verification_level": "BASIC"}
{"event": "context_verification_result", "proof_hash": "1313efaf5dac06ee8be1179470da46f8a2104f0702bdb19f98df0bf32709e00c", "timestamp": "2025-08-28T13:34:19.155159Z", "trust_score": 30, "user_id": "perf_user_4", "verification_level_met": true, "verification_time": 0.5842008590698242, "verified": true}
{"event": "context_verification_request", "requirements_mask": 1, "timestamp": "2025-08-28T13:34:19.156368Z", "user_id": "privacy_user", "verification_level": "BASIC"}
{"event": "context_verification_result", "proof_hash": "cf36baa14be4689f6f289b2ee69499adf1be1e272d3ff6d94c968e60a2248b0a", "timestamp": "2025-08-28T13:34:19.734369Z", "trust_score": 30, "user_id": "privacy_user", "verification_level_met": true, "verification_time": 0.5779540538787842, "verified": true}
{"event": "context_verification_request", "requirements_mask": 1, "timestamp": "2025-08-28T13:34:19.745439Z", "user_id": "edge_user", "verification_level": "BASIC"}
{"event": "context_verification_result", "proof_hash": "e3b0c44298fc1c149afbf4c8996fb92427ae41e4649b934ca495991b7852b855", "timestamp": "2025-08-28T13:34:19.746361Z", "trust_score": 0, "user_id": "edge_user", "verification_level_met": false, "verification_time": 0.0009250640869140625, "verified": false}
{"event": "context_verification_request", "requirements_mask": 1, "timestamp": "2025-08-28T13:34:20.374439Z", "user_id": "test_user_123", "verification_level": "BASIC"}
{"event": "context_verification_result", "proof_hash": "851eb3093e7c387aa31601ee740ade7252d09b4ac3a9aed8cffa0c1af1a9dcb5", "timestamp": "2025-08-28T13:34:20.928345Z", "trust_score": 30, "user_id": "test_user_123", "verification_level_met": true, "verification_time": 0.55387282371521, "verified": true}
{"event": "context_verification_request", "requirements_mask": 7, "timestamp": "2025-08-28T13:34:20.933826Z", "user_id": "test_user_456", "verification_level": "STANDARD"}
{"event": "context_verification_result", "proof_hash": "f8bd932fa93e5cab6e38b7672825ba0f3598868731ae1f746f54635642d92415", "timestamp": "2025-08-28T13:34:21.486692Z", "trust_score": 75, "user_id": "test_user_456", "verification_level_met": true, "verification_time": 0.552849292755127, "verified": true}
{"event": "context_verification_request", "requirements_mask": 15, "timestamp": "2025-08-28T13:34:21.492405Z", "user_id": "test_user_comprehensive", "verification_level": "HIGH"}
{"event": "context_verification_result", "proof_hash": "0eb6890c501efbbcff66059f8d0cbca1ba4ffafef3511d5c60185098184c6d39", "timestamp": "2025-08-28T13:34:22.046634Z", "trust_score": 100, "user_id": "test_user_comprehensive", "verification_level_met": true, "verification_time": 0.5541970729827881, "verified": true}
{"event": "context_verification_request", "requirements_mask": 1, "timestamp": "2025-08-28T13:34:22.051617Z", "user_id": "test_user_fail", "verification_level": "BASIC"}
{"event": "context_verification_request", "requirements_mask": 5, "timestamp": "2025-08-28T13:34:22.052550Z", "user_id": "test_user_fail_location", "verification_level": "STANDARD"}
{"event": "context_verification_result", "proof_hash": "09a013f8999acd612612d95e4a5debd2a83de78014bad055816e715d8b281f58", "timestamp": "2025-08-28T13:34:22.603969Z", "trust_score": 30, "user_id": "test_user_fail_location", "verification_level_met": false, "verification_time": 0.551372766494751, "verified": false}
{"event": "context_verification_request", "requirements_mask": 1, "timestamp": "2025-08-28T18:54:03.130595Z", "user_id": "test_user_123", "verification_level": "BASIC"}
{"event": "context_verification_result", "proof_hash": "1a616454cbcf8b776b8e4c4813ce3100f1d10d23049b5491ac185e59493160b9", "timestamp": "2025-08-28T18:54:03.946665Z", "trust_score": 30, "user_id": "test_user_123", "verification_level_met": true, "verification_time": 0.8160488605499268, "verified": true}
{"event": "context_verification_request", "requirements_mask": 7, "timestamp": "2025-08-28T18:54:03.956185Z", "user_id": "test_user_456", "verification_level": "STANDARD"}
{"event": "context_verification_result", "proof_hash": "1bab7b7c8b19f12e305b97b83131f5a9de2dfd5ebc406a6730d4ce5fbc60142a", "timestamp": "2025-08-28T18:54:04.664204Z", "trust_score": 75, "user_id": "test_user_456", "verification_level_met": true, "verification_time": 0.7080049514770508, "verified": true}
{"event": "context_verification_request", "requirements_mask": 15, "timestamp": "2025-08-28T18:54:04.672779Z", "user_id": "test_user_comprehensive", "verification_level": "HIGH"}
{"event": "context_verification_result", "proof_hash": "7b2ac8a2372dde6065667e34aeedef04c23f3e7d318244c41af732c6eba44067", "timestamp": "2025-08-28T18:54:05.306964Z", "trust_score": 100, "user_id": "test_user_comprehensive", "verification_level_met": true, "verification_time": 0.6341419219970703, "verified": true}
{"event": "context_verification_request", "requirements_mask": 1, "timestamp": "2025-08-28T18:54:05.315004Z", "user_id": "test_user_fail", "verification_level": "BASIC"}
{"event": "context_verification_request", "requirements_mask": 5, "timestamp": "2025-08-28T18:54:05.316422Z", "user_id": "test_user_fail_location", "verification_level": "STANDARD"}
{"event": "context_verification_result", "proof_hash": "d19c6c9f5f837fd64a5525468ace07280611ce7d11212c5d9ebadfbcc4bde67d", "timestamp": "2025-08-28T18:54:05.945400Z", "trust_score": 30, "user_id": "test_user_fail_location", "verification_level_met": false, "verification_time": 0.628957986831665, "verified": false}
{"event": "context_verification_result", "proof_hash": null, "timestamp": "2025-08-28T18:54:17.558120Z", "trust_score": 0, "user_id": "test_user", "verification_level_met": false, "verification_time": 0.772629976272583, "verified": false}
{"event": "context_verification_result", "proof_hash": null, "timestamp": "2025-08-28T18:54:18.208467Z", "trust_score": 0, "user_id": "test_user", "verification_level_met": false, "verification_time": 0.6374528408050537, "verified": false}
{"event": "context_verification_request", "requirements_mask": 1, "timestamp": "2025-08-28T19:19:33.937057Z", "user_id": "test_user_123", "verification_level": "BASIC"}
{"event": "context_verification_result", "proof_hash": "8d3805129b38f140702652b78b9ac04695b8b00bcd3561096a828b3699cd19d9", "timestamp": "2025-08-28T19:19:34.721314Z", "trust_score": 30, "user_id": "test_user_123", "verification_level_met": true, "verification_time": 0.7842340469360352, "verified": true}
{"event": "context_verification_request", "requirements_mask": 7, "timestamp": "2025-08-28T19:19:34.730186Z", "user_id": "test_user_456", "verification_level": "STANDARD"}
{"event": "context_verification_result", "proof_hash": "33b35b6c12b4116d5b446ad38806057e76411dadabf7dd6ee050d3f6f206bb3d", "timestamp": "2025-08-28T19:19:35.340645Z", "trust_score": 75, "user_id": "test_user_456", "verification_level_met": true, "verification_time": 0.6104450225830078, "verified": true}
{"event": "context_verification_request", "requirements_mask": 15, "timestamp": "2025-08-28T19:19:35.348576Z", "user_id": "test_user_comprehensive", "verification_level": "HIGH"}
{"event": "context_verification_result", "proof_hash": "45985d078f33544a09ad77020be31335ea1bdeed6beaa9e1d540e0db2d3e2137", "timestamp": "2025-08-28T19:19:35.959709Z", "trust_score": 100, "user_id": "test_user_comprehensive", "verification_level_met": true, "verification_time": 0.6111199855804443, "verified": true}
{"event": "context_verification_request", "requirements_mask": 1, "timestamp": "2025-08-28T19:19:35.967246Z", "user_id": "test_user_fail", "verification_level": "BASIC"}
{"event": "context_verification_request", "requirements_mask": 5, "timestamp": "2025-08-28T19:19:35.968323Z", "user_id": "test_user_fail_location", "verification_level": "STANDARD"}
{"event": "context_verification_result", "proof_hash": "9467d0621e6223dc954b17ce13025e5b5b07013cd678f60d09e9820324bad6d3", "timestamp": "2025-08-28T19:19:36.573279Z", "trust_score": 30, "user_id": "test_user_fail_location", "verification_level_met": false, "verification_time": 0.6049380302429199, "verified": false}
{"event": "context_verification_result", "proof_hash": null, "timestamp": "2025-08-28T19:19:48.236168Z", "trust_score": 0, "user_id": "test_user", "verification_level_met": false, "verification_time": 0.6490728855133057, "verified": false}
{"event": "context_verification_result", "proof_hash": null, "timestamp": "2025-08-28T19:19:48.884144Z", "trust_score": 0, "user_id": "test_user", "verification_level_met": false, "verification_time": 0.6366310119628906, "verified": false}
{"event": "context_verification_result", "proof_hash": null, "timestamp": "2025-08-28T19:41:19.420742Z", "trust_score": 0, "user_id": "test_user", "verification_level_met": false, "verification_time": 0.6368439197540283, "verified": false}
{"event": "context_verification_result", "proof_hash": null, "timestamp": "2025-08-28T19:41:20.072906Z", "trust_score": 0, "user_id": "test_user", "verification_level_met": false, "verification_time": 0.6402750015258789, "verified": false}
{"event": "context_verification_request", "requirements_mask": 1, "timestamp": "2025-08-28T20:06:28.527343Z", "user_id": "test_user_123", "verification_level": "BASIC"}
{"event": "context_verification_result", "proof_hash": "862f8e68c8b6e1a065b3a3e86195768c3f2efea934e8be78e24898857867c0ff", "timestamp": "2025-08-28T20:06:29.431316Z", "trust_score": 30, "user_id": "test_user_123", "verification_level_met": true, "verification_time": 0.9039490222930908, "verified": true}
{"event": "context_verification_request", "requirements_mask": 7, "timestamp": "2025-08-28T20:06:29.442913Z", "user_id": "test_user_456", "verification_level": "STANDARD"}
{"event": "context_verification_result", "proof_hash": "9fdfb1a52919901165d5f6831f1aa231883bd4a01c31727125dd882562aee4b2", "timestamp": "2025-08-28T20:06:30.127205Z", "trust_score": 75, "user_id": "test_user_456", "verification_level_met": true, "verification_time": 0.6842780113220215, "verified": true}
{"event": "context_verification_request", "requirements_mask": 15, "timestamp": "2025-08-28T20:06:30.136334Z", "user_id": "test_user_comprehensive", "verification_level": "HIGH"}
{"event": "context_verification_result", "proof_hash": "5a05334a4e6b7566ad621c005cb13f4fc8eb27a64c640b5ec38c4683657f919e", "timestamp": "2025-08-28T20:06:30.822353Z", "trust_score": 100, "user_id": "test_user_comprehensive", "verification_level_met": true, "verification_time": 0.6860029697418213, "verified": true}
{"event": "context_verification_request", "requirements_mask": 1, "timestamp": "2025-08-28T20:06:30.831113Z", "user_id": "test_user_fail", "verification_level": "BASIC"}
{"event": "context_verification_request", "requirements_mask": 5, "timestamp": "2025-08-28T20:06:30.832364Z", "user_id": "test_user_fail_location", "verification_level": "STANDARD"}
{"event": "context_verification_result", "proof_hash": "08927082efac64c358abd68e5d49144c54f6d890af9d0d3cc74a48079da8e750", "timestamp": "2025-08-28T20:06:31.515613Z", "trust_score": 30, "user_id": "test_user_fail_location", "verification_level_met": false, "verification_time": 0.683225154876709, "verified": false}
{"event": "context_verification_result", "proof_hash": null, "timestamp": "2025-08-28T20:06:45.196887Z", "trust_score": 0, "user_id": "test_user", "verification_level_met": false, "verification_time": 0.6955490112304688, "verified": false}
{"event": "context_verification_result", "proof_hash": null, "timestamp": "2025-08-28T20:06:45.903609Z", "trust_score": 0, "user_id": "test_user", "verification_level_met": false, "verification_time": 0.6931900978088379, "verified": false}
{"event": "context_verification_result", "proof_hash": null, "timestamp": "2025-08-28T20:30:06.814401Z", "trust_score": 0, "user_id": "test_user", "verification_level_met": false, "verification_time": 0.7225649356842041, "verified": false}
{"event": "context_verification_result", "proof_hash": null, "timestamp": "2025-08-28T20:30:07.523452Z", "trust_score": 0, "user_id": "test_user", "verification_level_met": false, "verification_time": 0.695335865020752, "verified": false}
{"event": "context_verification_result", "proof_hash": null, "timestamp": "2025-08-28T20:46:41.878040Z", "trust_score": 0, "user_id": "test_user", "verification_level_met": false, "verification_time": 0.6938660144805908, "verified": false}
{"event": "context_verification_result", "proof_hash": null, "timestamp": "2025-08-28T20:50:20.969354Z", "trust_score": 0, "user_id": "test_user", "verification_level_met": false, "verification_time": 0.8779251575469971, "verified": false}
{"event": "context_verification_result", "proof_hash": null, "timestamp": "2025-08-28T20:50:26.396947Z", "trust_score": 0, "user_id": "test_user", "verification_level_met": false, "verification_time": 0.6822397708892822, "verified": false}
{"event": "context_verification_request", "requirements_mask": 15, "timestamp": "2025-08-28T20:50:44.985292Z", "user_id": "test_user", "verification_level": "MAXIMUM"}
{"event": "context_verification_result", "proof_hash": "8c6cf3f13138577871371bc9c48679cda5fcfaf7356b695c6a061eaf36b88c8b", "timestamp": "2025-08-28T20:50:45.778558Z", "trust_score": 75, "user_id": "test_user", "verification_level_met": false, "verification_time": 0.7933650016784668, "verified": false}
{"event": "context_verification_request", "requirements_mask": 15, "timestamp": "2025-08-28T20:51:34.422099Z", "user_id": "test_user", "verification_level": "MAXIMUM"}
{"event": "context_verification_result", "proof_hash": "85b3ceb76e192707e7e2598d31e7a1222bcfc044f6f8d3d387cdd22fbe896a87", "timestamp": "2025-08-28T20:51:35.124347Z", "trust_score": 100, "user_id": "test_user", "verification_level_met": true, "verification_time": 0.7022199630737305, "verified": true}
{"event": "context_verification_request", "requirements_mask": 1, "timestamp": "2025-08-28T20:51:41.196151Z", "user_id": "test_user", "verification_level": "STANDARD"}
{"event": "context_verification_result", "proof_hash": "1f6ef005353eb8d6616af7070b66109fc138fa85a48c9952a3c53289235fbf03", "timestamp": "2025-08-28T20:51:41.890844Z", "trust_score": 30, "user_id": "test_user", "verification_level_met": false, "verification_time": 0.694659948348999, "verified": false}
{"event": "context_verification_request", "requirements_mask": 15, "timestamp": "2025-08-28T20:51:41.900270Z", "user_id": "test_user", "verification_level": "MAXIMUM"}
{"event": "context_verification_result", "proof_hash": "c940d47c67ed933e21a328207dfa1d44b5985feb0844a4af5ae90676647d2543", "timestamp": "2025-08-28T20:51:42.589340Z", "trust_score": 100, "user_id": "test_user", "verification_level_met": true, "verification_time": 0.6890628337860107, "verified": true}
{"event": "context_verification_request", "requirements_mask": 1, "timestamp": "2025-08-28T21:41:50.278511Z", "user_id": "test_user", "verification_level": "STANDARD"}
{"event": "context_verification_result", "proof_hash": "6cfb520c82015a82ef249e563e3aee368757349b6cf8ed10db9c4db96842f297", "timestamp": "2025-08-28T21:41:51.097010Z", "trust_score": 30, "user_id": "test_user", "verification_level_met": false, "verification_time": 0.8184740543365479, "verified": false}
{"event": "context_verification_request", "requirements_mask": 15, "timestamp": "2025-08-28T21:41:51.109520Z", "user_id": "test_user", "verification_level": "MAXIMUM"}
{"event": "context_verification_result", "proof_hash": "16bc236317e1b42f1780e81492adde16372be581d846d80ac9ebe0c703e99c34", "timestamp": "2025-08-28T21:41:51.834881Z", "trust_score": 100, "user_id": "test_user", "verification_level_met": true, "verification_time": 0.7253422737121582, "verified": true}
{"event": "context_verification_request", "requirements_mask": 1, "timestamp": "2025-08-28T22:11:58.426935Z", "user_id": "test_user", "verification_level": "STANDARD"}
{"event": "context_verification_result", "proof_hash": "2bbac71b766f34d974fa7b4c85eb84565e33daaca65c29ce986980598cb2cda2", "timestamp": "2025-08-28T22:11:59.213074Z", "trust_score": 30, "user_id": "test_user", "verification_level_met": false, "verification_time": 0.7861130237579346, "verified": false}
{"event": "context_verification_request", "requirements_mask": 15, "timestamp": "2025-08-28T22:11:59.223266Z", "user_id": "test_user", "verification_level": "MAXIMUM"}
{"event": "context_verification_result", "proof_hash": "ddb2e462cf1fa091b1078f81e04339e96dd2c864240e45b031d81c2d78a0768c", "timestamp": "2025-08-28T22:11:59.884112Z", "trust_score": 100, "user_id": "test_user", "verification_level_met": true, "verification_time": 0.660830020904541, "verified": true}
{"event": "context_verification_request", "requirements_mask": 1, "timestamp": "2025-08-28T22:20:37.566905Z", "user_id": "test_user_123", "verification_level": "BASIC"}
{"event": "context_verification_result", "proof_hash": "91a409ebfce474b2b7c36c1be0921b516099c348b3628bbc05f78852a9f29cbb", "timestamp": "2025-08-28T22:20:38.220282Z", "trust_score": 30, "user_id": "test_user_123", "verification_level_met": true, "verification_time": 0.6533529758453369, "verified": true}
{"event": "context_verification_request", "requirements_mask": 7, "timestamp": "2025-08-28T22:20:38.230802Z", "user_id": "test_user_456", "verification_level": "STANDARD"}
{"event": "context_verification_result", "proof_hash": "c16de67854689c2ac503ca193fded08598c0f14bf3d18fea4fd33c5594f658e4", "timestamp": "2025-08-28T22:20:38.880169Z", "trust_score": 75, "user_id": "test_user_456", "verification_level_met": true, "verification_time": 0.6493487358093262, "verified": true}
{"event": "context_verification_request", "requirements_mask": 15, "timestamp": "2025-08-28T22:20:38.889051Z", "user_id": "test_user_comprehensive", "verification_level": "HIGH"}
{"event": "context_verification_result", "proof_hash": "2d38448639d0df8f9ad93c7bfedcc062b016237d9d33ffd05505088e2fa216f1", "timestamp": "2025-08-28T22:20:39.528029Z", "trust_score": 100, "user_id": "test_user_comprehensive", "verification_level_met": true, "verification_time": 0.6389551162719727, "verified": true}
{"event": "context_verification_request", "requirements_mask": 1, "timestamp": "2025-08-28T22:20:39.535833Z", "user_id": "test_user_fail", "verification_level": "BASIC"}
{"event": "context_verification_request", "requirements_mask": 5, "timestamp": "2025-08-28T22:20:39.537578Z", "user_id": "test_user_fail_location", "verification_level": "STANDARD"}
{"event": "context_verification_result", "proof_hash": "209248827893574343474469ed690befb3fb60e34e5532d29b4284f9051e7bfe", "timestamp": "2025-08-28T22:20:40.196809Z", "trust_score": 30, "user_id": "test_user_fail_location", "verification_level_met": false, "verification_time": 0.6592137813568115, "verified": false}
{"event": "context_verification_result", "proof_hash": null, "timestamp": "2025-08-28T22:20:52.811813Z", "trust_score": 0, "user_id": "test_user", "verification_level_met": false, "verification_time": 0.624697208404541, "verified": false}
{"event": "context_verification_result", "proof_hash": null, "timestamp": "2025-08-28T22:20:53.454457Z", "trust_score": 0, "user_id": "test_user", "verification_level_met": false, "verification_time": 0.6301870346069336, "verified": false}
{"event": "context_verification_result", "proof_hash": null, "timestamp": "2025-08-28T22:28:30.787308Z", "trust_score": 0, "user_id": "test_user", "verification_level_met": false, "verification_time": 0.6324200630187988, "verified": false}
{"event": "context_verification_result", "proof_hash": null, "timestamp": "2025-08-28T22:28:31.412714Z", "trust_score": 0, "user_id": "test_user", "verification_level_met": false, "verification_time": 0.6122119426727295, "verified": false}
{"event": "context_verification_result", "proof_hash": null, "timestamp": "2025-08-28T22:49:19.648902Z", "trust_score": 0, "user_id": "test_user", "verification_level_met": false, "verification_time": 0.8602211475372314, "verified": false}
{"event": "context_verification_result", "proof_hash": null, "timestamp": "2025-08-28T22:49:20.259522Z", "trust_score": 0, "user_id": "test_user", "verification_level_met": false, "verification_time": 0.6003611087799072, "verified": false}
{"event": "context_verification_request", "requirements_mask": 1, "timestamp": "2025-08-28T23:23:40.628517Z", "user_id": "test_user_123", "verification_level": "BASIC"}
{"event": "context_verification_result", "proof_hash": "e03d562348adcf6c65e46a562ab8063a3cd762b14d0ad37e23f5dc31edbf7d2f", "timestamp": "2025-08-28T23:23:41.376221Z", "trust_score": 30, "user_id": "test_user_123", "verification_level_met": true, "verification_time": 0.747683048248291, "verified": true}
{"event": "context_verification_request", "requirements_mask": 7, "timestamp": "2025-08-28T23:23:41.386512Z", "user_id": "test_user_456", "verification_level": "STANDARD"}
{"event": "context_verification_result", "proof_hash": "a91f1e542391400acc6e23c3070bceacfea8cac2d0a98a264b350e06e5f3121d", "timestamp": "2025-08-28T23:23:42.010870Z", "trust_score": 75, "user_id": "test_user_456", "verification_level_met": true, "verification_time": 0.6243431568145752, "verified": true}
{"event": "context_verification_request", "requirements_mask": 15, "timestamp": "2025-08-28T23:23:42.019591Z", "user_id": "test_user_comprehensive", "verification_level": "HIGH"}
{"event": "context_verification_result", "proof_hash": "9cae8a9d6bf6aead95700dc611f6ebce7c3d549f592aa611e1534b039c820632", "timestamp": "2025-08-28T23:23:42.637100Z", "trust_score": 100, "user_id": "test_user_comprehensive", "verification_level_met": true, "verification_time": 0.6174979209899902, "verified": true}
{"event": "context_verification_request", "requirements_mask": 1, "timestamp": "2025-08-28T23:23:42.646100Z", "user_id": "test_user_fail", "verification_level": "BASIC"}
{"event": "context_verification_request", "requirements_mask": 5, "timestamp": "2025-08-28T23:23:42.647834Z", "user_id": "test_user_fail_location", "verification_level": "STANDARD"}
{"event": "context_verification_result", "proof_hash": "2b28ad67ee2cf3d05bd9eea76d277518c19b7c2870f08ca0a973a9728da4597d", "timestamp": "2025-08-28T23:23:43.271068Z", "trust_score": 30, "user_id": "test_user_fail_location", "verification_level_met": false, "verification_time": 0.6232109069824219, "verified": false}
{"event": "context_verification_result", "proof_hash": null, "timestamp": "2025-08-28T23:23:57.471613Z", "trust_score": 0, "user_id": "test_user", "verification_level_met": false, "verification_time": 0.6422238349914551, "verified": false}
{"event": "context_verification_result", "proof_hash": null, "timestamp": "2025-08-28T23:23:58.123219Z", "trust_score": 0, "user_id": "test_user", "verification_level_met": false, "verification_time": 0.6386981010437012, "verified": false}
{"event": "context_verification_result", "proof_hash": null, "timestamp": "2025-08-28T23:53:58.472366Z", "trust_score": 0, "user_id": "test_user", "verification_level_met": false, "verification_time": 0.7227849960327148, "verified": false}
{"event": "context_verification_result", "proof_hash": null, "timestamp": "2025-08-28T23:53:59.345615Z", "trust_score": 0, "user_id": "test_user", "verification_level_met": false, "verification_time": 0.8606100082397461, "verified": false}
{"event": "context_verification_result", "proof_hash": null, "timestamp": "2025-08-28T23:56:35.995346Z", "trust_score": 0, "user_id": "test_user", "verification_level_met": false, "verification_time": 0.7151679992675781, "verified": false}
{"event": "context_verification_result", "proof_hash": null, "timestamp": "2025-08-28T23:56:36.604976Z", "trust_score": 0, "user_id": "test_user", "verification_level_met": false, "verification_time": 0.5972909927368164, "verified": false}
{"event": "context_verification_result", "proof_hash": null, "timestamp": "2025-08-29T00:38:42.501077Z", "trust_score": 0, "user_id": "test_user", "verification_level_met": false, "verification_time": 0.7995510101318359, "verified": false}
{"event": "context_verification_result", "proof_hash": null, "timestamp": "2025-08-29T00:38:43.120266Z", "trust_score": 0, "user_id": "test_user", "verification_level_met": false, "verification_time": 0.6068861484527588, "verified": false}
{"event": "context_verification_result", "proof_hash": null, "timestamp": "2025-08-29T06:45:05.090902Z", "trust_score": 0, "user_id": "test_user", "verification_level_met": false, "verification_time": 0.68855881690979, "verified": false}
{"event": "context_verification_result", "proof_hash": null, "timestamp": "2025-08-29T06:45:05.875492Z", "trust_score": 0, "user_id": "test_user", "verification_level_met": false, "verification_time": 0.7723238468170166, "verified": false}
{"event": "context_verification_result", "proof_hash": null, "timestamp": "2025-08-29T07:17:43.481409Z", "trust_score": 0, "user_id": "test_user", "verification_level_met": false, "verification_time": 0.626147985458374, "verified": false}
{"event": "context_verification_result", "proof_hash": null, "timestamp": "2025-08-29T07:17:44.085748Z", "trust_score": 0, "user_id": "test_user", "verification_level_met": false, "verification_time": 0.59151291847229, "verified": false}
{"event": "context_verification_result", "proof_hash": null, "timestamp": "2025-08-29T07:18:19.768926Z", "trust_score": 0, "user_id": "test_user", "verification_level_met": false, "verification_time": 0.6315410137176514, "verified": false}
{"event": "context_verification_result", "proof_hash": null, "timestamp": "2025-08-29T07:18:20.408360Z", "trust_score": 0, "user_id": "test_user", "verification_level_met": false, "verification_time": 0.6301507949829102, "verified": false}
{"event": "context_verification_result", "proof_hash": null, "timestamp": "2025-08-29T07:18:47.709214Z", "trust_score": 0, "user_id": "test_user", "verification_level_met": false, "verification_time": 0.6024889945983887, "verified": false}
{"event": "context_verification_result", "proof_hash": null, "timestamp": "2025-08-29T07:18:48.321821Z", "trust_score": 0, "user_id": "test_user", "verification_level_met": false, "verification_time": 0.6032650470733643, "verified": false}
{"event": "context_verification_result", "proof_hash": null, "timestamp": "2025-08-29T07:19:08.504783Z", "trust_score": 0, "user_id": "test_user", "verification_level_met": false, "verification_time": 0.6201310157775879, "verified": false}
{"event": "context_verification_result", "proof_hash": null, "timestamp": "2025-08-29T07:19:09.129087Z", "trust_score": 0, "user_id": "test_user", "verification_level_met": false, "verification_time": 0.6134128570556641, "verified": false}
{"event": "context_verification_result", "proof_hash": null, "timestamp": "2025-08-29T07:54:32.212999Z", "trust_score": 0, "user_id": "test_user", "verification_level_met": false, "verification_time": 0.6054418087005615, "verified": false}
{"event": "context_verification_result", "proof_hash": null, "timestamp": "2025-08-29T07:54:32.823150Z", "trust_score": 0, "user_id": "test_user", "verification_level_met": false, "verification_time": 0.6005830764770508, "verified": false}
{"event": "context_verification_result", "proof_hash": null, "timestamp": "2025-08-29T08:25:25.883659Z", "trust_score": 0, "user_id": "test_user", "verification_level_met": false, "verification_time": 0.6026859283447266, "verified": false}
{"event": "context_verification_result", "proof_hash": null, "timestamp": "2025-08-29T08:25:26.492794Z", "trust_score": 0, "user_id": "test_user", "verification_level_met": false, "verification_time": 0.5992679595947266, "verified": false}
{"event": "context_verification_result", "proof_hash": null, "timestamp": "2025-08-29T08:56:15.470278Z", "trust_score": 0, "user_id": "test_user", "verification_level_met": false, "verification_time": 0.6700620651245117, "verified": false}
{"event": "context_verification_result", "proof_hash": null, "timestamp": "2025-08-29T08:56:16.076202Z", "trust_score": 0, "user_id": "test_user", "verification_level_met": false, "verification_time": 0.5967071056365967, "verified": false}
{"event": "context_verification_result", "proof_hash": null, "timestamp": "2025-08-29T09:26:38.482555Z", "trust_score": 0, "user_id": "test_user", "verification_level_met": false, "verification_time": 0.5857069492340088, "verified": false}
{"event": "context_verification_result", "proof_hash": null, "timestamp": "2025-08-29T09:26:39.075901Z", "trust_score": 0, "user_id": "test_user", "verification_level_met": false, "verification_time": 0.5839779376983643, "verified": false}
{"event": "context_verification_result", "proof_hash": null, "timestamp": "2025-08-29T09:26:59.486513Z", "trust_score": 0, "user_id": "test_user", "verification_level_met": false, "verification_time": 0.658195972442627, "verified": false}
{"event": "context_verification_result", "proof_hash": null, "timestamp": "2025-08-29T09:27:00.081491Z", "trust_score": 0, "user_id": "test_user", "verification_level_met": false, "verification_time": 0.585792064666748, "verified": false}
{"event": "context_verification_result", "proof_hash": null, "timestamp": "2025-08-29T09:28:11.215111Z", "trust_score": 0, "user_id": "test_user", "verification_level_met": false, "verification_time": 0.621696949005127, "verified": false}
{"event": "context_verification_result", "proof_hash": null, "timestamp": "2025-08-29T09:28:11.812409Z", "trust_score": 0, "user_id": "test_user", "verification_level_met": false, "verification_time": 0.5879952907562256, "verified": false}
