{"confidence": 0.0, "event": "trust_evaluation", "processing_time": 0.0003788471221923828, "risk_level": "LOW", "session_id": "session_001", "timestamp": "2025-08-27T21:07:13.244522Z", "trust_score": 79.5, "user_id": "new_user_001"}
{"confidence": 0.0, "event": "trust_evaluation", "processing_time": 0.00023889541625976562, "risk_level": "LOW", "session_id": "session_1", "timestamp": "2025-08-27T21:07:13.245878Z", "trust_score": 79.5, "user_id": "returning_user_002"}
{"confidence": 2.0, "event": "trust_evaluation", "processing_time": 0.00023698806762695312, "risk_level": "VERY_LOW", "session_id": "session_2", "timestamp": "2025-08-27T21:07:13.246272Z", "trust_score": 97.59916666666666, "user_id": "returning_user_002"}
{"confidence": 4.0, "event": "trust_evaluation", "processing_time": 0.0002720355987548828, "risk_level": "VERY_LOW", "session_id": "session_3", "timestamp": "2025-08-27T21:07:13.246703Z", "trust_score": 96.75643555031185, "user_id": "returning_user_002"}
{"confidence": 6.0, "event": "trust_evaluation", "processing_time": 0.0002560615539550781, "risk_level": "VERY_LOW", "session_id": "session_4", "timestamp": "2025-08-27T21:07:13.247116Z", "trust_score": 96.74710557798831, "user_id": "returning_user_002"}
{"confidence": 12.595610939503075, "event": "trust_evaluation", "processing_time": 0.0002589225769042969, "risk_level": "VERY_LOW", "session_id": "session_5", "timestamp": "2025-08-27T21:07:13.247537Z", "trust_score": 92.72610730436637, "user_id": "returning_user_002"}
{"confidence": 18.44648061508532, "event": "trust_evaluation", "processing_time": 0.0002529621124267578, "risk_level": "VERY_LOW", "session_id": "current_session", "timestamp": "2025-08-27T21:07:13.247961Z", "trust_score": 96.37915543297899, "user_id": "returning_user_002"}
{"confidence": 0.0, "event": "trust_evaluation", "processing_time": 0.00026702880859375, "risk_level": "LOW", "session_id": "baseline_1", "timestamp": "2025-08-27T21:07:13.248810Z", "trust_score": 77.5, "user_id": "anomaly_user_003"}
{"confidence": 2.0, "event": "trust_evaluation", "processing_time": 0.00030422210693359375, "risk_level": "VERY_LOW", "session_id": "baseline_2", "timestamp": "2025-08-27T21:07:13.249459Z", "trust_score": 95.7625, "user_id": "anomaly_user_003"}
{"confidence": 4.0, "event": "trust_evaluation", "processing_time": 0.00028586387634277344, "risk_level": "VERY_LOW", "session_id": "baseline_3", "timestamp": "2025-08-27T21:07:13.250006Z", "trust_score": 90.71959375, "user_id": "anomaly_user_003"}
{"confidence": 8.209751046289057, "event": "trust_evaluation", "processing_time": 0.00045490264892578125, "risk_level": "MEDIUM", "session_id": "anomaly_device", "timestamp": "2025-08-27T21:07:13.250868Z", "trust_score": 71.6332775242625, "user_id": "anomaly_user_003"}
{"confidence": 8.0, "event": "trust_evaluation", "processing_time": 0.0003540515899658203, "risk_level": "LOW", "session_id": "anomaly_location", "timestamp": "2025-08-27T21:07:13.251459Z", "trust_score": 86.4297851835813, "user_id": "anomaly_user_003"}
{"confidence": 10.81187528710553, "event": "trust_evaluation", "processing_time": 0.00026988983154296875, "risk_level": "LOW", "session_id": "anomaly_rapid", "timestamp": "2025-08-27T21:07:13.251979Z", "trust_score": 85.51770674173783, "user_id": "anomaly_user_003"}
{"confidence": 16.608528187890833, "event": "trust_evaluation", "processing_time": 0.00040912628173828125, "risk_level": "VERY_HIGH", "session_id": "anomaly_multiple_failures", "timestamp": "2025-08-27T21:07:13.252941Z", "trust_score": 32.91738287610122, "user_id": "anomaly_user_003"}
{"confidence": 0.0, "event": "trust_evaluation", "processing_time": 0.00019097328186035156, "risk_level": "LOW", "session_id": "high_trust_0", "timestamp": "2025-08-27T21:07:13.253900Z", "trust_score": 79.5, "user_id": "high_trust_user"}
{"confidence": 2.0, "event": "trust_evaluation", "processing_time": 0.0001811981201171875, "risk_level": "VERY_LOW", "session_id": "high_trust_1", "timestamp": "2025-08-27T21:07:13.254300Z", "trust_score": 97.8325, "user_id": "high_trust_user"}
{"confidence": 4.0, "event": "trust_evaluation", "processing_time": 0.00024008750915527344, "risk_level": "VERY_LOW", "session_id": "high_trust_2", "timestamp": "2025-08-27T21:07:13.254758Z", "trust_score": 97.10331875, "user_id": "high_trust_user"}
{"confidence": 6.0, "event": "trust_evaluation", "processing_time": 0.0002980232238769531, "risk_level": "VERY_LOW", "session_id": "high_trust_3", "timestamp": "2025-08-27T21:07:13.255306Z", "trust_score": 97.20175121875, "user_id": "high_trust_user"}
{"confidence": 11.995856304234618, "event": "trust_evaluation", "processing_time": 0.00023603439331054688, "risk_level": "VERY_LOW", "session_id": "high_trust_4", "timestamp": "2025-08-27T21:07:13.255788Z", "trust_score": 97.55151796004415, "user_id": "high_trust_user"}
{"confidence": 17.13491907380303, "event": "trust_evaluation", "processing_time": 0.0002300739288330078, "risk_level": "VERY_LOW", "session_id": "high_trust_5", "timestamp": "2025-08-27T21:07:13.256257Z", "trust_score": 97.81944254603678, "user_id": "high_trust_user"}
{"confidence": 21.17949068156548, "event": "trust_evaluation", "processing_time": 0.00025010108947753906, "risk_level": "VERY_LOW", "session_id": "high_trust_6", "timestamp": "2025-08-27T21:07:13.256760Z", "trust_score": 97.99601156222059, "user_id": "high_trust_user"}
{"confidence": 24.633990101733296, "event": "trust_evaluation", "processing_time": 0.0002701282501220703, "risk_level": "VERY_LOW", "session_id": "high_trust_7", "timestamp": "2025-08-27T21:07:13.257291Z", "trust_score": 98.12257196781525, "user_id": "high_trust_user"}
{"confidence": 27.728331418873864, "event": "trust_evaluation", "processing_time": 0.00029397010803222656, "risk_level": "VERY_LOW", "session_id": "high_trust_8", "timestamp": "2025-08-27T21:07:13.257845Z", "trust_score": 98.21830598018683, "user_id": "high_trust_user"}
{"confidence": 30.584639205676847, "event": "trust_evaluation", "processing_time": 0.0002949237823486328, "risk_level": "VERY_LOW", "session_id": "high_trust_9", "timestamp": "2025-08-27T21:07:13.258419Z", "trust_score": 98.29352457370098, "user_id": "high_trust_user"}
{"confidence": 0.0, "event": "trust_evaluation", "processing_time": 0.00018310546875, "risk_level": "HIGH", "session_id": "low_trust_0", "timestamp": "2025-08-27T21:07:13.258915Z", "trust_score": 49.5, "user_id": "low_trust_user"}
{"confidence": 2.0, "event": "trust_evaluation", "processing_time": 0.00018095970153808594, "risk_level": "MEDIUM", "session_id": "low_trust_1", "timestamp": "2025-08-27T21:07:13.259395Z", "trust_score": 69.1575, "user_id": "low_trust_user"}
{"confidence": 4.0, "event": "trust_evaluation", "processing_time": 0.0004439353942871094, "risk_level": "LOW", "session_id": "low_trust_2", "timestamp": "2025-08-27T21:07:13.260222Z", "trust_score": 89.60478679298642, "user_id": "low_trust_user"}
{"confidence": 6.0, "event": "trust_evaluation", "processing_time": 0.0004992485046386719, "risk_level": "MEDIUM", "session_id": "low_trust_3", "timestamp": "2025-08-27T21:07:13.261255Z", "trust_score": 62.90591715544199, "user_id": "low_trust_user"}
{"confidence": 8.0, "event": "trust_evaluation", "processing_time": 0.0003261566162109375, "risk_level": "LOW", "session_id": "low_trust_4", "timestamp": "2025-08-27T21:07:13.261928Z", "trust_score": 75.83324810033822, "user_id": "low_trust_user"}
{"confidence": 10.0, "event": "trust_evaluation", "processing_time": 0.000308990478515625, "risk_level": "MEDIUM", "session_id": "low_trust_5", "timestamp": "2025-08-27T21:07:13.262566Z", "trust_score": 71.15401016434136, "user_id": "low_trust_user"}
{"confidence": 12.0, "event": "trust_evaluation", "processing_time": 0.00035309791564941406, "risk_level": "LOW", "session_id": "low_trust_6", "timestamp": "2025-08-27T21:07:13.263282Z", "trust_score": 77.70394607859608, "user_id": "low_trust_user"}
{"confidence": 14.0, "event": "trust_evaluation", "processing_time": 0.00032901763916015625, "risk_level": "MEDIUM", "session_id": "low_trust_7", "timestamp": "2025-08-27T21:07:13.264015Z", "trust_score": 73.3050546172161, "user_id": "low_trust_user"}
{"confidence": 16.0, "event": "trust_evaluation", "processing_time": 0.0003390312194824219, "risk_level": "LOW", "session_id": "low_trust_8", "timestamp": "2025-08-27T21:07:13.264713Z", "trust_score": 75.14512885016931, "user_id": "low_trust_user"}
{"confidence": 18.0, "event": "trust_evaluation", "processing_time": 0.0003478527069091797, "risk_level": "MEDIUM", "session_id": "low_trust_9", "timestamp": "2025-08-27T21:07:13.265431Z", "trust_score": 61.75564841239646, "user_id": "low_trust_user"}
{"confidence": 0.0, "event": "trust_evaluation", "processing_time": 0.00023603439331054688, "risk_level": "LOW", "session_id": null, "timestamp": "2025-08-27T21:07:13.266953Z", "trust_score": 79.5, "user_id": "convenience_user"}
{"confidence": 0.0, "event": "trust_evaluation", "processing_time": 0.0005879402160644531, "risk_level": "LOW", "session_id": null, "timestamp": "2025-08-27T21:19:48.653671Z", "trust_score": 79.5, "user_id": "workflow_user_002"}
{"confidence": 0.0, "event": "trust_evaluation", "processing_time": 0.0006110668182373047, "risk_level": "VERY_HIGH", "session_id": null, "timestamp": "2025-08-27T21:19:52.852676Z", "trust_score": 15.5, "user_id": "edge_user"}
{"confidence": 2.0, "event": "trust_evaluation", "processing_time": 0.0005869865417480469, "risk_level": "LOW", "session_id": null, "timestamp": "2025-08-27T21:22:48.746248Z", "trust_score": 88.8325, "user_id": "workflow_user_002"}
{"confidence": 2.0, "event": "trust_evaluation", "processing_time": 0.00047087669372558594, "risk_level": "VERY_HIGH", "session_id": null, "timestamp": "2025-08-27T21:22:52.962400Z", "trust_score": 23.5925, "user_id": "edge_user"}
{"confidence": 15.290444375000007, "event": "trust_evaluation", "processing_time": 0.0006890296936035156, "risk_level": "LOW", "session_id": null, "timestamp": "2025-08-27T21:23:57.158627Z", "trust_score": 88.792602078125, "user_id": "workflow_user_002"}
{"confidence": 17.451144375, "event": "trust_evaluation", "processing_time": 0.0004930496215820312, "risk_level": "VERY_HIGH", "session_id": null, "timestamp": "2025-08-27T21:24:00.858423Z", "trust_score": 22.692954578125, "user_id": "edge_user"}
{"confidence": 0.0, "event": "trust_evaluation", "processing_time": 0.0003590583801269531, "risk_level": "VERY_HIGH", "session_id": null, "timestamp": "2025-08-27T21:47:12.140175Z", "trust_score": 20.5, "user_id": "test_user"}
