{"event": "api_startup", "status": "success", "timestamp": "2025-08-27T19:40:33.932945Z", "version": "0.1.0"}
{"event": "api_shutdown", "status": "success", "timestamp": "2025-08-27T19:55:30.440530Z"}
{"event": "api_startup", "status": "success", "timestamp": "2025-08-27T19:55:30.960471Z", "version": "0.1.0"}
{"event": "health_check", "status": "healthy", "timestamp": "2025-08-27T19:56:00.662120Z", "type": "detailed"}
{"event": "log_summary_access", "status": "success", "timestamp": "2025-08-27T19:56:11.529364Z"}
{"entry_index": 0, "event": "log_verification", "status": "success", "timestamp": "2025-08-27T19:56:20.884370Z", "verified": true}
{"event": "health_check", "status": "healthy", "timestamp": "2025-08-27T19:57:51.814119Z", "type": "detailed"}
{"event": "log_summary_access", "status": "success", "timestamp": "2025-08-27T19:57:51.819573Z"}
{"event": "log_summary_access", "status": "success", "timestamp": "2025-08-27T19:57:51.821956Z"}
{"entry_index": 0, "event": "log_verification", "status": "success", "timestamp": "2025-08-27T19:57:51.823790Z", "verified": true}
{"event": "health_check", "status": "healthy", "timestamp": "2025-08-27T20:04:08.812007Z", "type": "detailed"}
{"event": "log_summary_access", "status": "success", "timestamp": "2025-08-27T20:04:08.816835Z"}
{"event": "log_summary_access", "status": "success", "timestamp": "2025-08-27T20:04:08.819320Z"}
{"entry_index": 0, "event": "log_verification", "status": "success", "timestamp": "2025-08-27T20:04:08.821732Z", "verified": true}
{"event": "log_summary_access", "status": "success", "timestamp": "2025-08-27T20:04:08.825970Z"}
{"event": "log_summary_access", "status": "success", "timestamp": "2025-08-27T20:04:08.831567Z"}
{"event": "health_check", "status": "healthy", "timestamp": "2025-08-27T20:11:42.200111Z", "type": "detailed"}
{"event": "log_summary_access", "status": "success", "timestamp": "2025-08-27T20:11:42.205117Z"}
{"event": "log_summary_access", "status": "success", "timestamp": "2025-08-27T20:11:42.208499Z"}
{"entry_index": 0, "event": "log_verification", "status": "success", "timestamp": "2025-08-27T20:11:42.210845Z", "verified": true}
{"event": "log_summary_access", "status": "success", "timestamp": "2025-08-27T20:11:42.216077Z"}
{"event": "log_summary_access", "status": "success", "timestamp": "2025-08-27T20:11:42.221014Z"}
{"event": "api_shutdown", "status": "success", "timestamp": "2025-08-27T20:33:50.969571Z"}
{"event": "api_startup", "status": "success", "timestamp": "2025-08-27T21:09:11.285669Z", "version": "0.1.0"}
{"event": "api_shutdown", "status": "success", "timestamp": "2025-08-27T21:09:13.410665Z"}
{"event": "api_startup", "status": "success", "timestamp": "2025-08-27T21:09:13.915349Z", "version": "0.1.0"}
{"event": "api_shutdown", "status": "success", "timestamp": "2025-08-27T21:09:25.440391Z"}
{"event": "api_startup", "status": "success", "timestamp": "2025-08-27T21:09:25.934935Z", "version": "0.1.0"}
{"event": "api_shutdown", "status": "success", "timestamp": "2025-08-27T21:09:26.946443Z"}
{"event": "api_startup", "status": "success", "timestamp": "2025-08-27T21:09:27.443126Z", "version": "0.1.0"}
{"event": "api_shutdown", "status": "success", "timestamp": "2025-08-27T21:09:41.502634Z"}
{"event": "api_startup", "status": "success", "timestamp": "2025-08-27T21:09:42.029303Z", "version": "0.1.0"}
{"event": "api_shutdown", "status": "success", "timestamp": "2025-08-27T21:09:42.738429Z"}
{"event": "api_startup", "status": "success", "timestamp": "2025-08-27T21:09:43.283848Z", "version": "0.1.0"}
{"event": "api_shutdown", "status": "success", "timestamp": "2025-08-27T21:10:01.187527Z"}
{"event": "api_startup", "status": "success", "timestamp": "2025-08-27T21:10:01.693783Z", "version": "0.1.0"}
{"event": "api_shutdown", "status": "success", "timestamp": "2025-08-27T21:10:02.513273Z"}
{"event": "api_startup", "status": "success", "timestamp": "2025-08-27T21:10:03.023779Z", "version": "0.1.0"}
{"event": "api_shutdown", "status": "success", "timestamp": "2025-08-27T21:10:16.576492Z"}
{"event": "api_startup", "status": "success", "timestamp": "2025-08-27T21:10:17.090881Z", "version": "0.1.0"}
{"event": "api_shutdown", "status": "success", "timestamp": "2025-08-27T21:10:20.123937Z"}
{"event": "api_startup", "status": "success", "timestamp": "2025-08-27T21:10:20.604354Z", "version": "0.1.0"}
{"event": "api_shutdown", "status": "success", "timestamp": "2025-08-27T21:10:32.533536Z"}
{"event": "api_startup", "status": "success", "timestamp": "2025-08-27T21:10:33.034234Z", "version": "0.1.0"}
{"event": "api_shutdown", "status": "success", "timestamp": "2025-08-27T21:10:34.551966Z"}
{"event": "api_startup", "status": "success", "timestamp": "2025-08-27T21:10:35.059269Z", "version": "0.1.0"}
{"event": "health_check", "status": "healthy", "timestamp": "2025-08-28T00:57:06.110290Z", "type": "detailed"}
{"event": "log_summary_access", "status": "success", "timestamp": "2025-08-28T00:57:06.116652Z"}
{"event": "log_summary_access", "status": "success", "timestamp": "2025-08-28T00:57:06.119915Z"}
{"entry_index": 0, "event": "log_verification", "status": "success", "timestamp": "2025-08-28T00:57:06.122904Z", "verified": true}
{"event": "log_summary_access", "status": "success", "timestamp": "2025-08-28T00:57:06.128444Z"}
{"event": "log_summary_access", "status": "success", "timestamp": "2025-08-28T00:57:06.134651Z"}
{"event": "api_shutdown", "status": "success", "timestamp": "2025-08-28T06:38:33.980939Z"}
{"event": "api_startup", "status": "success", "timestamp": "2025-08-28T06:38:34.804627Z", "version": "0.1.0"}
{"event": "health_check", "status": "healthy", "timestamp": "2025-08-28T07:03:02.282467Z", "type": "detailed"}
{"event": "log_summary_access", "status": "success", "timestamp": "2025-08-28T07:03:02.289148Z"}
{"event": "log_summary_access", "status": "success", "timestamp": "2025-08-28T07:03:02.292850Z"}
{"entry_index": 0, "event": "log_verification", "status": "success", "timestamp": "2025-08-28T07:03:02.296020Z", "verified": true}
{"event": "log_summary_access", "status": "success", "timestamp": "2025-08-28T07:03:02.301480Z"}
{"event": "log_summary_access", "status": "success", "timestamp": "2025-08-28T07:03:02.307254Z"}
{"event": "api_shutdown", "status": "success", "timestamp": "2025-08-28T07:16:52.704997Z"}
{"event": "api_startup", "status": "success", "timestamp": "2025-08-28T07:16:53.384476Z", "version": "0.1.0"}
{"event": "api_shutdown", "status": "success", "timestamp": "2025-08-28T07:16:57.125594Z"}
{"event": "api_startup", "status": "success", "timestamp": "2025-08-28T07:16:57.606402Z", "version": "0.1.0"}
{"event": "api_shutdown", "status": "success", "timestamp": "2025-08-28T11:16:30.576818Z"}
{"event": "api_startup", "status": "success", "timestamp": "2025-08-28T11:16:31.402076Z", "version": "0.1.0"}
{"event": "api_shutdown", "status": "success", "timestamp": "2025-08-28T14:58:53.508474Z"}
{"event": "api_startup", "status": "success", "timestamp": "2025-08-28T14:58:54.227470Z", "version": "0.1.0"}
{"event": "api_shutdown", "status": "success", "timestamp": "2025-08-28T14:58:55.139534Z"}
{"event": "api_startup", "status": "success", "timestamp": "2025-08-28T14:58:55.790366Z", "version": "0.1.0"}
{"event": "api_shutdown", "status": "success", "timestamp": "2025-08-28T14:59:20.023534Z"}
{"event": "api_startup", "status": "success", "timestamp": "2025-08-28T14:59:20.553136Z", "version": "0.1.0"}
{"event": "api_shutdown", "status": "success", "timestamp": "2025-08-28T14:59:21.701325Z"}
{"event": "api_startup", "status": "success", "timestamp": "2025-08-28T14:59:22.212662Z", "version": "0.1.0"}
{"event": "api_shutdown", "status": "success", "timestamp": "2025-08-28T14:59:39.696222Z"}
{"event": "api_startup", "status": "success", "timestamp": "2025-08-28T14:59:40.203929Z", "version": "0.1.0"}
{"event": "api_shutdown", "status": "success", "timestamp": "2025-08-28T14:59:41.214143Z"}
{"event": "api_startup", "status": "success", "timestamp": "2025-08-28T14:59:41.833637Z", "version": "0.1.0"}
{"event": "api_shutdown", "status": "success", "timestamp": "2025-08-28T15:03:37.085945Z"}
{"event": "api_startup", "status": "success", "timestamp": "2025-08-28T15:03:37.589613Z", "version": "0.1.0"}
{"event": "api_shutdown", "status": "success", "timestamp": "2025-08-28T15:04:16.701071Z"}
{"event": "api_startup", "status": "success", "timestamp": "2025-08-28T15:04:17.206427Z", "version": "0.1.0"}
{"event": "api_shutdown", "status": "success", "timestamp": "2025-08-28T15:04:52.473089Z"}
{"event": "api_startup", "status": "success", "timestamp": "2025-08-28T15:04:53.094449Z", "version": "0.1.0"}
{"event": "api_shutdown", "status": "success", "timestamp": "2025-08-28T15:04:53.702973Z"}
{"event": "api_startup", "status": "success", "timestamp": "2025-08-28T15:04:54.225101Z", "version": "0.1.0"}
{"event": "api_shutdown", "status": "success", "timestamp": "2025-08-28T15:04:58.272808Z"}
{"event": "api_startup", "status": "success", "timestamp": "2025-08-28T15:04:58.776149Z", "version": "0.1.0"}
{"event": "api_shutdown", "status": "success", "timestamp": "2025-08-28T15:05:00.191750Z"}
{"event": "api_startup", "status": "success", "timestamp": "2025-08-28T15:05:00.715842Z", "version": "0.1.0"}
{"event": "api_shutdown", "status": "success", "timestamp": "2025-08-28T15:06:12.597070Z"}
{"event": "api_startup", "status": "success", "timestamp": "2025-08-28T15:06:13.115502Z", "version": "0.1.0"}
{"event": "api_shutdown", "status": "success", "timestamp": "2025-08-28T15:06:15.239360Z"}
{"event": "api_startup", "status": "success", "timestamp": "2025-08-28T15:06:15.730996Z", "version": "0.1.0"}
{"event": "api_shutdown", "status": "success", "timestamp": "2025-08-28T15:06:34.848827Z"}
{"event": "api_startup", "status": "success", "timestamp": "2025-08-28T15:06:35.436354Z", "version": "0.1.0"}
{"event": "api_shutdown", "status": "success", "timestamp": "2025-08-28T15:06:47.873650Z"}
{"event": "api_startup", "status": "success", "timestamp": "2025-08-28T15:06:48.436412Z", "version": "0.1.0"}
{"event": "api_shutdown", "status": "success", "timestamp": "2025-08-28T15:16:06.799366Z"}
{"event": "api_startup", "status": "success", "timestamp": "2025-08-28T18:38:26.084285Z", "version": "0.1.0"}
{"event": "api_shutdown", "status": "success", "timestamp": "2025-08-28T18:38:29.321933Z"}
{"event": "api_startup", "status": "success", "timestamp": "2025-08-28T18:38:29.865314Z", "version": "0.1.0"}
{"event": "api_shutdown", "status": "success", "timestamp": "2025-08-28T18:38:55.040677Z"}
{"event": "api_startup", "status": "success", "timestamp": "2025-08-28T18:38:55.614016Z", "version": "0.1.0"}
{"event": "api_shutdown", "status": "success", "timestamp": "2025-08-28T18:38:57.029551Z"}
{"event": "api_startup", "status": "success", "timestamp": "2025-08-28T18:38:57.542541Z", "version": "0.1.0"}
{"event": "api_shutdown", "status": "success", "timestamp": "2025-08-28T18:39:34.127482Z"}
{"event": "api_startup", "status": "success", "timestamp": "2025-08-28T18:39:34.674773Z", "version": "0.1.0"}
{"event": "api_shutdown", "status": "success", "timestamp": "2025-08-28T18:39:36.292919Z"}
{"event": "api_startup", "status": "success", "timestamp": "2025-08-28T18:39:36.826544Z", "version": "0.1.0"}
{"event": "api_shutdown", "status": "success", "timestamp": "2025-08-28T18:40:04.722595Z"}
{"event": "api_startup", "status": "success", "timestamp": "2025-08-28T18:40:05.372836Z", "version": "0.1.0"}
{"event": "api_shutdown", "status": "success", "timestamp": "2025-08-28T18:40:06.485570Z"}
{"event": "api_startup", "status": "success", "timestamp": "2025-08-28T18:40:07.029371Z", "version": "0.1.0"}
{"event": "api_shutdown", "status": "success", "timestamp": "2025-08-28T18:41:01.905194Z"}
{"event": "api_startup", "status": "success", "timestamp": "2025-08-28T18:41:02.547648Z", "version": "0.1.0"}
{"event": "api_shutdown", "status": "success", "timestamp": "2025-08-28T18:41:04.870754Z"}
{"event": "api_startup", "status": "success", "timestamp": "2025-08-28T18:41:05.412644Z", "version": "0.1.0"}
{"event": "api_shutdown", "status": "success", "timestamp": "2025-08-28T18:41:40.086242Z"}
{"event": "api_startup", "status": "success", "timestamp": "2025-08-28T18:41:40.674830Z", "version": "0.1.0"}
{"event": "api_shutdown", "status": "success", "timestamp": "2025-08-28T18:41:43.305408Z"}
{"event": "api_startup", "status": "success", "timestamp": "2025-08-28T18:41:43.857543Z", "version": "0.1.0"}
{"event": "api_shutdown", "status": "success", "timestamp": "2025-08-28T18:42:43.409222Z"}
{"event": "api_startup", "status": "success", "timestamp": "2025-08-28T18:42:44.103995Z", "version": "0.1.0"}
{"event": "api_shutdown", "status": "success", "timestamp": "2025-08-28T18:42:45.621275Z"}
{"event": "api_startup", "status": "success", "timestamp": "2025-08-28T18:42:46.164034Z", "version": "0.1.0"}
{"event": "api_shutdown", "status": "success", "timestamp": "2025-08-28T18:44:30.854494Z"}
{"event": "api_startup", "status": "success", "timestamp": "2025-08-28T18:44:31.513762Z", "version": "0.1.0"}
{"event": "api_shutdown", "status": "success", "timestamp": "2025-08-28T18:44:33.636635Z"}
{"event": "api_startup", "status": "success", "timestamp": "2025-08-28T18:44:34.175879Z", "version": "0.1.0"}
{"event": "api_shutdown", "status": "success", "timestamp": "2025-08-28T18:45:29.168199Z"}
{"event": "api_startup", "status": "success", "timestamp": "2025-08-28T18:45:29.729118Z", "version": "0.1.0"}
{"event": "api_shutdown", "status": "success", "timestamp": "2025-08-28T18:45:31.852896Z"}
{"event": "api_startup", "status": "success", "timestamp": "2025-08-28T18:45:32.393046Z", "version": "0.1.0"}
{"event": "api_shutdown", "status": "success", "timestamp": "2025-08-28T18:46:45.024975Z"}
{"event": "api_startup", "status": "success", "timestamp": "2025-08-28T18:46:45.647047Z", "version": "0.1.0"}
{"event": "api_shutdown", "status": "success", "timestamp": "2025-08-28T18:46:49.085094Z"}
{"event": "api_startup", "status": "success", "timestamp": "2025-08-28T18:46:49.708210Z", "version": "0.1.0"}
{"event": "api_shutdown", "status": "success", "timestamp": "2025-08-28T18:47:55.249853Z"}
{"event": "api_startup", "status": "success", "timestamp": "2025-08-28T18:47:55.800125Z", "version": "0.1.0"}
{"event": "api_shutdown", "status": "success", "timestamp": "2025-08-28T18:48:01.161025Z"}
{"event": "api_startup", "status": "success", "timestamp": "2025-08-28T18:48:01.884768Z", "version": "0.1.0"}
{"event": "api_shutdown", "status": "success", "timestamp": "2025-08-28T18:48:26.432178Z"}
{"event": "api_startup", "status": "success", "timestamp": "2025-08-28T18:48:27.065627Z", "version": "0.1.0"}
{"event": "api_shutdown", "status": "success", "timestamp": "2025-08-28T18:48:30.908132Z"}
{"event": "api_startup", "status": "success", "timestamp": "2025-08-28T18:48:31.474650Z", "version": "0.1.0"}
{"event": "api_shutdown", "status": "success", "timestamp": "2025-08-28T18:48:47.738445Z"}
{"event": "api_startup", "status": "success", "timestamp": "2025-08-28T18:48:48.292836Z", "version": "0.1.0"}
{"event": "api_shutdown", "status": "success", "timestamp": "2025-08-28T18:48:52.232652Z"}
{"event": "api_startup", "status": "success", "timestamp": "2025-08-28T18:48:52.774614Z", "version": "0.1.0"}
{"event": "api_shutdown", "status": "success", "timestamp": "2025-08-28T18:49:38.538731Z"}
{"event": "api_startup", "status": "success", "timestamp": "2025-08-28T18:49:39.115060Z", "version": "0.1.0"}
{"event": "api_shutdown", "status": "success", "timestamp": "2025-08-28T18:49:40.229467Z"}
{"event": "api_startup", "status": "success", "timestamp": "2025-08-28T18:49:40.798508Z", "version": "0.1.0"}
{"event": "api_shutdown", "status": "success", "timestamp": "2025-08-28T18:49:47.061336Z"}
{"event": "api_startup", "status": "success", "timestamp": "2025-08-28T18:49:47.642342Z", "version": "0.1.0"}
{"event": "api_shutdown", "status": "success", "timestamp": "2025-08-28T18:50:15.118473Z"}
{"event": "api_startup", "status": "success", "timestamp": "2025-08-28T18:50:15.782093Z", "version": "0.1.0"}
{"event": "health_check", "status": "healthy", "timestamp": "2025-08-28T19:08:23.509696Z", "type": "detailed"}
{"event": "log_summary_access", "status": "success", "timestamp": "2025-08-28T19:08:23.519127Z"}
{"event": "log_summary_access", "status": "success", "timestamp": "2025-08-28T19:08:23.523810Z"}
{"entry_index": 0, "event": "log_verification", "status": "success", "timestamp": "2025-08-28T19:08:23.528473Z", "verified": true}
{"event": "log_summary_access", "status": "success", "timestamp": "2025-08-28T19:08:23.535237Z"}
{"event": "log_summary_access", "status": "success", "timestamp": "2025-08-28T19:08:23.542926Z"}
{"event": "health_check", "status": "healthy", "timestamp": "2025-08-28T19:33:54.241990Z", "type": "detailed"}
{"event": "log_summary_access", "status": "success", "timestamp": "2025-08-28T19:33:54.251328Z"}
{"event": "log_summary_access", "status": "success", "timestamp": "2025-08-28T19:33:54.255928Z"}
{"entry_index": 0, "event": "log_verification", "status": "success", "timestamp": "2025-08-28T19:33:54.261006Z", "verified": true}
{"event": "log_summary_access", "status": "success", "timestamp": "2025-08-28T19:33:54.268443Z"}
{"event": "log_summary_access", "status": "success", "timestamp": "2025-08-28T19:33:54.276153Z"}
{"event": "health_check", "status": "healthy", "timestamp": "2025-08-28T19:55:25.373378Z", "type": "detailed"}
{"event": "log_summary_access", "status": "success", "timestamp": "2025-08-28T19:55:25.383355Z"}
{"event": "log_summary_access", "status": "success", "timestamp": "2025-08-28T19:55:25.389557Z"}
{"entry_index": 0, "event": "log_verification", "status": "success", "timestamp": "2025-08-28T19:55:25.396207Z", "verified": true}
{"event": "log_summary_access", "status": "success", "timestamp": "2025-08-28T19:55:25.404861Z"}
{"event": "log_summary_access", "status": "success", "timestamp": "2025-08-28T19:55:25.413168Z"}
{"event": "health_check", "status": "healthy", "timestamp": "2025-08-28T20:20:51.196401Z", "type": "detailed"}
{"event": "log_summary_access", "status": "success", "timestamp": "2025-08-28T20:20:51.212853Z"}
{"event": "log_summary_access", "status": "success", "timestamp": "2025-08-28T20:20:51.219392Z"}
{"entry_index": 0, "event": "log_verification", "status": "success", "timestamp": "2025-08-28T20:20:51.225967Z", "verified": true}
{"event": "log_summary_access", "status": "success", "timestamp": "2025-08-28T20:20:51.236614Z"}
{"event": "log_summary_access", "status": "success", "timestamp": "2025-08-28T20:20:51.253639Z"}
{"event": "api_shutdown", "status": "success", "timestamp": "2025-08-28T20:27:39.585440Z"}
{"event": "api_startup", "status": "success", "timestamp": "2025-08-28T20:27:40.332387Z", "version": "0.1.0"}
{"event": "api_shutdown", "status": "success", "timestamp": "2025-08-28T20:29:32.276297Z"}
{"event": "api_startup", "status": "success", "timestamp": "2025-08-28T20:29:33.542195Z", "version": "0.1.0"}
{"event": "health_check", "status": "healthy", "timestamp": "2025-08-28T20:44:12.841594Z", "type": "detailed"}
{"event": "log_summary_access", "status": "success", "timestamp": "2025-08-28T20:44:12.852967Z"}
{"event": "log_summary_access", "status": "success", "timestamp": "2025-08-28T20:44:12.858682Z"}
{"entry_index": 0, "event": "log_verification", "status": "success", "timestamp": "2025-08-28T20:44:12.865010Z", "verified": true}
{"event": "log_summary_access", "status": "success", "timestamp": "2025-08-28T20:44:12.875166Z"}
{"event": "log_summary_access", "status": "success", "timestamp": "2025-08-28T20:44:12.884189Z"}
{"event": "api_shutdown", "status": "success", "timestamp": "2025-08-28T22:20:04.666652Z"}
{"event": "api_startup", "status": "success", "timestamp": "2025-08-28T22:20:06.497675Z", "version": "0.1.0"}
